<?xml version="1.0" encoding="UTF-8"?>
<!-- Generated by org.testng.reporters.JUnitReportReporter -->
<testsuite skipped="0" hostname="IBM-Testing01" name="changingPassword_invalidPassword" tests="1" failures="0" timestamp="28 Dec 2019 03:29:16 GMT" time="1.648" errors="0">
  <testcase name="invalidPassword" time="1.648" classname="changingPassword_invalidPassword"/>
</testsuite> <!-- changingPassword_invalidPassword -->
